Base path: C:/Program Files/Unity/Editor/Data
Cmd: initializeCompiler
Cmd: compileComputeKernel
  api=4 insize=9166 outsize=8677 ok=1
Cmd: compileComputeKernel
  api=4 insize=16784 outsize=5113 ok=1
Cmd: compileComputeKernel
  api=4 insize=16784 outsize=5617 ok=1
Cmd: compileComputeKernel
  api=4 insize=16784 outsize=7321 ok=1
Cmd: compileComputeKernel
  api=4 insize=16784 outsize=6805 ok=1
Cmd: compileComputeKernel
  api=4 insize=16784 outsize=8773 ok=1
Cmd: compileComputeKernel
  api=4 insize=16784 outsize=7957 ok=1
Cmd: compileComputeKernel
  api=4 insize=16784 outsize=8461 ok=1
Cmd: compileComputeKernel
  api=4 insize=16784 outsize=10469 ok=1
Cmd: compileComputeKernel
  api=4 insize=16784 outsize=11449 ok=1
Cmd: compileSnippet
  api=4 type=1 insize=725 outsize=422 kw=PIXELSNAP_ON pd=UNITY_ENABLE_REFLECTION_BUFFERS UNITY_USE_DITHER_MASK_FOR_ALPHABLENDED_SHADOWS UNITY_PBS_USE_BRDF1 UNITY_SPECCUBE_BOX_PROJECTION UNITY_SPECCUBE_BLENDING UNITY_ENABLE_DETAIL_NORMALMAP UNITY_COLORSPACE_GAMMA UNITY_LIGHT_PROBE_PROXY_VOLUME UNITY_LIGHTMAP_FULL_HDR ok=1
Cmd: disassembleShader
  api=4 insize=422 outsize=1082 ok=1
Cmd: initializeCompiler
Cmd: initializeCompiler
Cmd: initializeCompiler
Cmd: initializeCompiler
Cmd: initializeCompiler
Cmd: initializeCompiler
Cmd: initializeCompiler
Cmd: initializeCompiler
Cmd: initializeCompiler
Cmd: initializeCompiler
Cmd: initializeCompiler
Cmd: initializeCompiler
